<?xml version="1.0" encoding="UTF-8"?>
<testng-results ignored="0" total="2" passed="2" failed="0" skipped="0">
  <reporter-output>
  </reporter-output>
  <suite started-at="2024-10-21T12:59:03 IST" name="MySuite" finished-at="2024-10-21T12:59:17 IST" duration-ms="13873">
    <groups>
      <group name="Smoke_Test">
        <method signature="TestScript.signUp_DemoBlaze()[pri:0, instance:testexecution.TestScript@55cf0d14]" name="signUp_DemoBlaze" class="testexecution.TestScript"/>
        <method signature="TestScript.signIn_DemoBlaze()[pri:1, instance:testexecution.TestScript@55cf0d14]" name="signIn_DemoBlaze" class="testexecution.TestScript"/>
      </group> <!-- Smoke_Test -->
    </groups>
    <test started-at="2024-10-21T12:59:03 IST" name="NewTest" finished-at="2024-10-21T12:59:17 IST" duration-ms="13873">
      <class name="testexecution.TestScript">
        <test-method is-config="true" signature="launchBrowser(java.lang.String)[pri:0, instance:testexecution.TestScript@55cf0d14]" started-at="2024-10-21T12:59:03 IST" name="launchBrowser" finished-at="2024-10-21T12:59:10 IST" duration-ms="7018" status="PASS">
          <params>
            <param index="0">
              <value>
                <![CDATA[chrome]]>
              </value>
            </param>
          </params>
          <reporter-output>
          </reporter-output>
        </test-method> <!-- launchBrowser -->
        <test-method signature="signUp_DemoBlaze()[pri:0, instance:testexecution.TestScript@55cf0d14]" started-at="2024-10-21T12:59:10 IST" name="signUp_DemoBlaze" finished-at="2024-10-21T12:59:13 IST" duration-ms="2172" status="PASS">
          <reporter-output>
          </reporter-output>
        </test-method> <!-- signUp_DemoBlaze -->
        <test-method signature="signIn_DemoBlaze()[pri:1, instance:testexecution.TestScript@55cf0d14]" started-at="2024-10-21T12:59:13 IST" name="signIn_DemoBlaze" finished-at="2024-10-21T12:59:17 IST" depends-on-methods="testexecution.TestScript.signUp_DemoBlaze" duration-ms="3975" status="PASS">
          <reporter-output>
          </reporter-output>
        </test-method> <!-- signIn_DemoBlaze -->
      </class> <!-- testexecution.TestScript -->
    </test> <!-- NewTest -->
  </suite> <!-- MySuite -->
</testng-results>
